  main.cpp
C:\Users\jules\Documents\GitHub\MarioDifficulty\collision.h(94,24): warning C4018: '<' : incompatibilité signed/unsigned
C:\Users\jules\Documents\GitHub\MarioDifficulty\collision.h(96,14): warning C4018: '<' : incompatibilité signed/unsigned
C:\Users\jules\Documents\GitHub\MarioDifficulty\collision.h(106,24): warning C4018: '<' : incompatibilité signed/unsigned
C:\Users\jules\Documents\GitHub\MarioDifficulty\collision.h(126,27): warning C4018: '<' : incompatibilité signed/unsigned
C:\Users\jules\Documents\GitHub\MarioDifficulty\pipe.h(52,24): warning C4018: '<' : incompatibilité signed/unsigned
C:\Users\jules\Documents\GitHub\MarioDifficulty\pipe.h(72,27): warning C4018: '<' : incompatibilité signed/unsigned
C:\Program Files\Microsoft Visual Studio\2022\Community\VC\Tools\MSVC\14.33.31629\include\xstddef(117,1): error C2440: 'return' : impossible de convertir de 'cv::MatExpr' en 'bool'
C:\Program Files\Microsoft Visual Studio\2022\Community\VC\Tools\MSVC\14.33.31629\include\xstddef(117,22): message : Aucun opérateur de conversion définie par l'utilisateur disponible qui puisse effectuer cette conversion, ou l'opérateur ne peut pas être appelé
C:\Program Files\Microsoft Visual Studio\2022\Community\VC\Tools\MSVC\14.33.31629\include\xstddef(116): message : pendant la compilation de la fonction membre classe modèle 'bool std::less<cv::Mat>::operator ()(const _Ty &,const _Ty &) const'
          with
          [
              _Ty=cv::Mat
          ]
C:\Program Files\Microsoft Visual Studio\2022\Community\VC\Tools\MSVC\14.33.31629\include\xutility(1530): message : voir la référence à l'instanciation de la fonction modèle 'bool std::less<cv::Mat>::operator ()(const _Ty &,const _Ty &) const' en cours de compilation
          with
          [
              _Ty=cv::Mat
          ]
C:\Program Files\Microsoft Visual Studio\2022\Community\VC\Tools\MSVC\14.33.31629\include\xmemory(1365): message : voir la référence à l'instanciation classe modèle 'std::less<cv::Mat>' en cours de compilation
C:\Program Files\Microsoft Visual Studio\2022\Community\VC\Tools\MSVC\14.33.31629\include\xmemory(1365): message : voir les informations de référence sur le modèle de variable 'const bool is_empty_v<std::less<cv::Mat> >' en cours de compilation
C:\Program Files\Microsoft Visual Studio\2022\Community\VC\Tools\MSVC\14.33.31629\include\map(73): message : voir la référence à l'instanciation classe modèle 'std::_Tree<std::_Tmap_traits<_Kty,_Ty,_Pr,_Alloc,false>>' en cours de compilation
          with
          [
              _Kty=cv::Mat,
              _Ty=type_enemy,
              _Pr=std::less<cv::Mat>,
              _Alloc=std::allocator<std::pair<const cv::Mat,type_enemy>>
          ]
C:\Users\jules\Documents\GitHub\MarioDifficulty\enemy.h(29): message : voir la référence à l'instanciation classe modèle 'std::map<cv::Mat,type_enemy,std::less<cv::Mat>,std::allocator<std::pair<const cv::Mat,type_enemy>>>' en cours de compilation
