  createAllGraph.cpp
C:\Users\jules\Documents\GitHub\MarioDifficulty\Reach_Data\graph.h(60,135): warning C4244: 'argument' : conversion de 'double' en 'int', perte possible de données
C:\Users\jules\Documents\GitHub\MarioDifficulty\Reach_Data\graph.h(64,140): warning C4244: 'argument' : conversion de 'double' en 'int', perte possible de données
C:\Users\jules\Documents\GitHub\MarioDifficulty\Reach_Data\graph.h(74,48): warning C4244: 'argument' : conversion de 'float' en '_Tp', perte possible de données
          with
          [
              _Tp=int
          ]
C:\Users\jules\Documents\GitHub\MarioDifficulty\Reach_Data\graph.h(74,28): warning C4244: 'argument' : conversion de 'float' en '_Tp', perte possible de données
          with
          [
              _Tp=int
          ]
C:\Users\jules\Documents\GitHub\MarioDifficulty\Reach_Data\graph.h(75,48): warning C4244: 'argument' : conversion de 'float' en '_Tp', perte possible de données
          with
          [
              _Tp=int
          ]
C:\Users\jules\Documents\GitHub\MarioDifficulty\Reach_Data\graph.h(75,28): warning C4244: 'argument' : conversion de 'float' en '_Tp', perte possible de données
          with
          [
              _Tp=int
          ]
C:\Users\jules\Documents\GitHub\MarioDifficulty\Reach_Data\graph.h(137,135): warning C4244: 'argument' : conversion de 'double' en 'int', perte possible de données
C:\Users\jules\Documents\GitHub\MarioDifficulty\Reach_Data\graph.h(141,140): warning C4244: 'argument' : conversion de 'double' en 'int', perte possible de données
C:\Users\jules\Documents\GitHub\MarioDifficulty\Reach_Data\graph.h(143,23): warning C4018: '<' : incompatibilité signed/unsigned
C:\Users\jules\Documents\GitHub\MarioDifficulty\Reach_Data\graph.h(154,56): warning C4244: 'argument' : conversion de 'float' en '_Tp', perte possible de données
          with
          [
              _Tp=int
          ]
C:\Users\jules\Documents\GitHub\MarioDifficulty\Reach_Data\graph.h(154,36): warning C4244: 'argument' : conversion de 'float' en '_Tp', perte possible de données
          with
          [
              _Tp=int
          ]
C:\Users\jules\Documents\GitHub\MarioDifficulty\Reach_Data\graph.h(155,56): warning C4244: 'argument' : conversion de 'float' en '_Tp', perte possible de données
          with
          [
              _Tp=int
          ]
C:\Users\jules\Documents\GitHub\MarioDifficulty\Reach_Data\graph.h(155,36): warning C4244: 'argument' : conversion de 'float' en '_Tp', perte possible de données
          with
          [
              _Tp=int
          ]
C:\Users\jules\Documents\GitHub\MarioDifficulty\CreateCompareFunction\createAllGraph.cpp(26,73): warning C4244: '+=' : conversion de 'float' en 'int', perte possible de données
C:\Users\jules\Documents\GitHub\MarioDifficulty\CreateCompareFunction\createAllGraph.cpp(85,27): warning C4018: '<' : incompatibilité signed/unsigned
  CreateCompareFunction.vcxproj -> C:\Users\jules\Documents\GitHub\MarioDifficulty\Collision_Data\Debug\CreateCompareFunction.exe
