  testgoomba.cpp
C:\Users\jules\Documents\GitHub\MarioDifficulty\Enemy_Data\graph.h(48,137): warning C4244: 'argument' : conversion de 'double' en 'int', perte possible de données
C:\Users\jules\Documents\GitHub\MarioDifficulty\Enemy_Data\graph.h(52,144): warning C4244: 'argument' : conversion de 'double' en 'int', perte possible de données
C:\Users\jules\Documents\GitHub\MarioDifficulty\Enemy_Data\graph.h(62,48): warning C4244: 'argument' : conversion de 'float' en '_Tp', perte possible de données
          with
          [
              _Tp=int
          ]
C:\Users\jules\Documents\GitHub\MarioDifficulty\Enemy_Data\graph.h(62,28): warning C4244: 'argument' : conversion de 'float' en '_Tp', perte possible de données
          with
          [
              _Tp=int
          ]
C:\Users\jules\Documents\GitHub\MarioDifficulty\Enemy_Data\graph.h(63,48): warning C4244: 'argument' : conversion de 'float' en '_Tp', perte possible de données
          with
          [
              _Tp=int
          ]
C:\Users\jules\Documents\GitHub\MarioDifficulty\Enemy_Data\graph.h(63,28): warning C4244: 'argument' : conversion de 'float' en '_Tp', perte possible de données
          with
          [
              _Tp=int
          ]
C:\Users\jules\Documents\GitHub\MarioDifficulty\Enemy_Data\metric.h(18,60): warning C4244: '+=' : conversion de 'float' en 'int', perte possible de données
C:\Users\jules\Documents\GitHub\MarioDifficulty\Enemy_Data\testgoomba.cpp(59,20): warning C4018: '<' : incompatibilité signed/unsigned
C:\Users\jules\Documents\GitHub\MarioDifficulty\Enemy_Data\testgoomba.cpp(65,20): warning C4018: '<' : incompatibilité signed/unsigned
C:\Users\jules\Documents\GitHub\MarioDifficulty\Enemy_Data\testgoomba.cpp(71,20): warning C4018: '<' : incompatibilité signed/unsigned
C:\Users\jules\Documents\GitHub\MarioDifficulty\Enemy_Data\testgoomba.cpp(77,20): warning C4018: '<' : incompatibilité signed/unsigned
C:\Users\jules\Documents\GitHub\MarioDifficulty\Enemy_Data\testgoomba.cpp(83,20): warning C4018: '<' : incompatibilité signed/unsigned
C:\Users\jules\Documents\GitHub\MarioDifficulty\Enemy_Data\testgoomba.cpp(89,20): warning C4018: '<' : incompatibilité signed/unsigned
C:\Users\jules\Documents\GitHub\MarioDifficulty\Enemy_Data\testgoomba.cpp(95,20): warning C4018: '<' : incompatibilité signed/unsigned
C:\Users\jules\Documents\GitHub\MarioDifficulty\Enemy_Data\testgoomba.cpp(101,20): warning C4018: '<' : incompatibilité signed/unsigned
C:\Users\jules\Documents\GitHub\MarioDifficulty\Enemy_Data\testgoomba.cpp(107,20): warning C4018: '<' : incompatibilité signed/unsigned
C:\Users\jules\Documents\GitHub\MarioDifficulty\Enemy_Data\testgoomba.cpp(118,20): warning C4018: '<' : incompatibilité signed/unsigned
C:\Users\jules\Documents\GitHub\MarioDifficulty\Enemy_Data\testgoomba.cpp(131,20): warning C4018: '<' : incompatibilité signed/unsigned
  Enemy_Data.vcxproj -> C:\Users\jules\Documents\GitHub\MarioDifficulty\Collision_Data\Debug\Enemy_Data.exe
