c:\users\jules\documents\github\mariodifficulty\collision_data\debug\vc143.pdb
c:\users\jules\documents\github\mariodifficulty\collision_data\debug\vc143.idb
c:\users\jules\documents\github\mariodifficulty\collision_data\debug\main.obj
c:\users\jules\documents\github\mariodifficulty\collision_data\debug\opencv_core4d.dll
c:\users\jules\documents\github\mariodifficulty\collision_data\debug\zlibd1.dll
c:\users\jules\documents\github\mariodifficulty\collision_data\debug\opencv_highgui4d.dll
c:\users\jules\documents\github\mariodifficulty\collision_data\debug\opencv_videoio4d.dll
c:\users\jules\documents\github\mariodifficulty\collision_data\debug\opencv_imgcodecs4d.dll
c:\users\jules\documents\github\mariodifficulty\collision_data\debug\opencv_imgproc4d.dll
c:\users\jules\documents\github\mariodifficulty\collision_data\debug\jpeg62.dll
c:\users\jules\documents\github\mariodifficulty\collision_data\debug\webpdecoder.dll
c:\users\jules\documents\github\mariodifficulty\collision_data\debug\webp.dll
c:\users\jules\documents\github\mariodifficulty\collision_data\debug\libpng16d.dll
c:\users\jules\documents\github\mariodifficulty\collision_data\debug\tiffd.dll
c:\users\jules\documents\github\mariodifficulty\collision_data\debug\liblzma.dll
c:\users\jules\documents\github\mariodifficulty\collision_data\debug\collision_data.exe
c:\users\jules\documents\github\mariodifficulty\collision_data\debug\collision_data.ilk
c:\users\jules\documents\github\mariodifficulty\collision_data\debug\collision_data.pdb
c:\users\jules\documents\github\mariodifficulty\collision_data\debug\collision_data.tlog\cl.command.1.tlog
c:\users\jules\documents\github\mariodifficulty\collision_data\debug\collision_data.tlog\cl.read.1.tlog
c:\users\jules\documents\github\mariodifficulty\collision_data\debug\collision_data.tlog\cl.write.1.tlog
c:\users\jules\documents\github\mariodifficulty\collision_data\debug\collision_data.tlog\collision_data.write.1u.tlog
c:\users\jules\documents\github\mariodifficulty\collision_data\debug\collision_data.tlog\link.command.1.tlog
c:\users\jules\documents\github\mariodifficulty\collision_data\debug\collision_data.tlog\link.read.1.tlog
c:\users\jules\documents\github\mariodifficulty\collision_data\debug\collision_data.tlog\link.write.1.tlog
